<?xml version="1.0" encoding="UTF-8"?>
<!-- Generated by org.testng.reporters.JUnitReportReporter -->
<testsuite hostname="nemesis" failures="0" tests="3" name="Test.TestHello" time="0.014" errors="0" timestamp="2023-02-17T14:25:06 IST" skipped="0">
  <testcase classname="Test.TestHello" name="Test_Hello" time="0.007"/>
  <system-out/>
  <testcase classname="Test.TestHello" name="Test_Devops" time="0.004"/>
  <system-out/>
  <testcase classname="Test.TestHello" name="Test_Raj" time="0.003"/>
  <system-out/>
</testsuite> <!-- Test.TestHello -->
