<?xml version="1.0" encoding="UTF-8"?>
<!-- Generated by org.testng.reporters.JUnitReportReporter -->
<testsuite hostname="nemesis" failures="0" tests="1" name="Test.TestHello" time="12.923" errors="0" timestamp="2023-02-14T19:04:20 IST" skipped="0">
  <testcase classname="Test.TestHello" name="testGoogleTitle" time="12.923"/>
  <system-out/>
</testsuite> <!-- Test.TestHello -->
